[debug] [2021-03-03T18:52:35.698Z] ----------------------------------------------------------------------
[debug] [2021-03-03T18:52:35.702Z] Command:       C:\Program Files\nodejs\node.exe C:\Users\ljste\AppData\Roaming\npm\node_modules\firebase-tools\lib\bin\firebase.js init
[debug] [2021-03-03T18:52:35.702Z] CLI Version:   9.3.0
[debug] [2021-03-03T18:52:35.702Z] Platform:      win32
[debug] [2021-03-03T18:52:35.702Z] Node Version:  v12.18.1
[debug] [2021-03-03T18:52:35.704Z] Time:          Wed Mar 03 2021 12:52:35 GMT-0600 (Central Standard Time)
[debug] [2021-03-03T18:52:35.704Z] ----------------------------------------------------------------------
[debug] [2021-03-03T18:52:35.704Z] 
[debug] [2021-03-03T18:52:35.718Z] >>> [apiv2][query] GET https://firebase-public.firebaseio.com/cli.json [none]
[debug] [2021-03-03T18:52:35.750Z] > command requires scopes: ["email","openid","https://www.googleapis.com/auth/cloudplatformprojects.readonly","https://www.googleapis.com/auth/firebase","https://www.googleapis.com/auth/cloud-platform"]
[debug] [2021-03-03T18:52:35.751Z] > authorizing via signed-in user
[info] 
     ######## #### ########  ######## ########     ###     ######  ########
     ##        ##  ##     ## ##       ##     ##  ##   ##  ##       ##
     ######    ##  ########  ######   ########  #########  ######  ######
     ##        ##  ##    ##  ##       ##     ## ##     ##       ## ##
     ##       #### ##     ## ######## ########  ##     ##  ######  ########

You're about to initialize a Firebase project in this directory:

  F:\ServerSynced\CODE\React\robinhood-clone

[debug] [2021-03-03T18:52:36.342Z] <<< [apiv2][status] GET https://firebase-public.firebaseio.com/cli.json 200
[debug] [2021-03-03T18:52:36.343Z] <<< [apiv2][body] GET https://firebase-public.firebaseio.com/cli.json {"cloudBuildErrorAfter":1594252800000,"cloudBuildWarnAfter":1590019200000,"defaultNode10After":1594252800000,"minVersion":"3.0.5","node8DeploysDisabledAfter":1613390400000,"node8RuntimeDisabledAfter":1615809600000,"node8WarnAfter":1600128000000}
